<?xml version="1.0" encoding="UTF-8"?>
<!-- Generated by org.testng.reporters.JUnitXMLReporter -->
<testsuite ignored="2" hostname="DESKTOP-OL99M2N" failures="0" tests="3" name="Test_multiplegroups" time="0.09" errors="0" timestamp="2023-12-03T12:56:28 IST">
  <testcase classname="testng1.multiplegroupstestcases_supportingtestcase" name="createAccountTest" time="0.012"/>
  <testcase classname="testng1.multiplegroupstestcases" name="login_1" time="0.003"/>
  <testcase classname="testng1.multiplegroupstestcases" name="resetPassword_2" time="0.003"/>
  <testcase classname="testng1.multiplegroupstestcases" name="login_2" time="0.0">
    <ignored/>
  </testcase> <!-- login_2 -->
  <testcase classname="testng1.multiplegroupstestcases" name="resetPassword_1" time="0.0">
    <ignored/>
  </testcase> <!-- resetPassword_1 -->
</testsuite> <!-- Test_multiplegroups -->
