<?xml version="1.0" encoding="UTF-8"?>
<!-- Generated by org.testng.reporters.JUnitXMLReporter -->
<testsuite ignored="1" hostname="DESKTOP-OL99M2N" failures="0" tests="2" name="Test" time="6.695" errors="0" timestamp="2023-12-05T16:09:17 IST">
  <testcase classname="com.hrm.testcases.LoginTest" name="loginWithValidUserNameAndValidPassword" time="4.49"/>
  <testcase classname="com.hrm.testcases.HomePageTest" name="logout" time="2.127"/>
  <testcase classname="com.hrm.testcases.BaseTestforBrowserDriver" name="@BeforeSuite initDriver" time="0.0">
    <ignored/>
  </testcase> <!-- @BeforeSuite initDriver -->
</testsuite> <!-- Test -->
