<?xml version="1.0" encoding="UTF-8"?>
<!-- Generated by org.testng.reporters.JUnitXMLReporter -->
<testsuite ignored="1" hostname="DESKTOP-OL99M2N" failures="0" tests="2" name="Test" time="8.167" errors="0" timestamp="2023-12-07T11:04:19 IST">
  <testcase classname="com.hrm.testcases.LoginTest" name="loginWithValidUserNameAndValidPassword" time="5.271"/>
  <testcase classname="com.hrm.testcases.HomePageTest" name="logout" time="2.844"/>
  <testcase classname="com.hrm.testcases.BaseTestforBrowserDriver" name="@BeforeSuite initDriver" time="0.0">
    <ignored/>
  </testcase> <!-- @BeforeSuite initDriver -->
</testsuite> <!-- Test -->
