<?xml version="1.0" encoding="UTF-8"?>
<!-- Generated by org.testng.reporters.JUnitXMLReporter -->
<testsuite ignored="2" hostname="DESKTOP-OL99M2N" failures="0" tests="2" name="Groups" time="0.09" errors="0" timestamp="2023-12-03T12:38:42 IST">
  <testcase classname="testng1.grouptestcases" name="login_1" time="0.011"/>
  <testcase classname="testng1.grouptestcases" name="login_2" time="0.004"/>
  <testcase classname="testng1.grouptestcases" name="resetPassword_1" time="0.0">
    <ignored/>
  </testcase> <!-- resetPassword_1 -->
  <testcase classname="testng1.grouptestcases" name="resetPassword_2" time="0.0">
    <ignored/>
  </testcase> <!-- resetPassword_2 -->
</testsuite> <!-- Groups -->
