<?xml version="1.0" encoding="UTF-8"?>
<!-- Generated by org.testng.reporters.JUnitXMLReporter -->
<testsuite ignored="0" hostname="DESKTOP-OL99M2N" failures="0" tests="3" name="Test_iSuitelistener" time="55.759" errors="0" timestamp="2023-12-04T08:05:39 IST">
  <testcase classname="listeners.iTestlistener" name="loginToOrangeHRM" time="31.776"/>
  <testcase classname="listeners.iTestlistener" name="testAdmin" time="21.211"/>
  <testcase classname="listeners.iTestlistener" name="testLogout" time="2.692"/>
</testsuite> <!-- Test_iSuitelistener -->
