<?xml version="1.0" encoding="UTF-8"?>
<!-- Generated by org.testng.reporters.JUnitXMLReporter -->
<testsuite ignored="3" hostname="DESKTOP-OL99M2N" failures="0" tests="1" name="test ng xml learning" time="38.255" errors="0" timestamp="2023-12-04T13:57:55 IST">
  <testcase classname="testng1.testngxmllearning" name="loginToApplication" time="38.179"/>
  <testcase classname="testng1.testngxmllearning" name="searchLeave" time="0.0">
    <ignored/>
  </testcase> <!-- searchLeave -->
  <testcase classname="testng1.testngxmllearning" name="closeBrowser" time="0.0">
    <ignored/>
  </testcase> <!-- closeBrowser -->
  <testcase classname="testng1.testngxmllearning" name="logout" time="0.0">
    <ignored/>
  </testcase> <!-- logout -->
</testsuite> <!-- test ng xml learning -->
