<?xml version="1.0" encoding="UTF-8"?>
<testng-results ignored="0" total="1" passed="1" failed="0" skipped="0">
  <reporter-output>
  </reporter-output>
  <suite started-at="2023-12-04T13:53:17 IST" name="FirstSuite" finished-at="2023-12-04T13:53:53 IST" duration-ms="35395">
    <groups>
    </groups>
    <test started-at="2023-12-04T13:53:17 IST" name="test ng xml learning" finished-at="2023-12-04T13:53:53 IST" duration-ms="35395">
      <class name="testng1.testngxmllearning">
        <test-method signature="loginToApplication()[pri:1, instance:testng1.testngxmllearning@66d3eec0]" started-at="2023-12-04T13:53:18 IST" name="loginToApplication" finished-at="2023-12-04T13:53:53 IST" duration-ms="35351" status="PASS">
          <reporter-output>
          </reporter-output>
        </test-method> <!-- loginToApplication -->
      </class> <!-- testng1.testngxmllearning -->
    </test> <!-- test ng xml learning -->
  </suite> <!-- FirstSuite -->
</testng-results>
