<?xml version="1.0" encoding="UTF-8"?>
<!-- Generated by org.testng.reporters.JUnitXMLReporter -->
<testsuite ignored="0" hostname="DESKTOP-OL99M2N" failures="0" tests="3" name="Test_iTestlistener" time="70.32" errors="0" timestamp="2023-12-04T07:41:09 IST">
  <testcase classname="listeners.iTestlistener" name="loginToOrangeHRM" time="33.513"/>
  <testcase classname="listeners.iTestlistener" name="testAdmin" time="21.181"/>
  <testcase classname="listeners.iTestlistener" name="testLogout" time="15.551"/>
</testsuite> <!-- Test_iTestlistener -->
