<?xml version="1.0" encoding="UTF-8"?>
<testng-results ignored="0" total="2" passed="2" failed="0" skipped="0">
  <reporter-output>
  </reporter-output>
  <suite started-at="2023-12-05T16:09:10 IST" name="Suite" finished-at="2023-12-05T16:09:16 IST" duration-ms="6695">
    <groups>
    </groups>
    <test started-at="2023-12-05T16:09:10 IST" name="Test" finished-at="2023-12-05T16:09:16 IST" duration-ms="6695">
      <class name="com.hrm.testcases.HomePageTest">
        <test-method signature="logout()[pri:0, instance:com.hrm.testcases.HomePageTest@31ea9581]" started-at="2023-12-05T16:09:14 IST" name="logout" finished-at="2023-12-05T16:09:16 IST" duration-ms="2127" status="PASS">
          <reporter-output>
          </reporter-output>
        </test-method> <!-- logout -->
      </class> <!-- com.hrm.testcases.HomePageTest -->
      <class name="com.hrm.testcases.LoginTest">
        <test-method is-config="true" signature="initDriver()[pri:0, instance:com.hrm.testcases.LoginTest@7ce69770]" started-at="2023-12-05T16:08:47 IST" name="initDriver" finished-at="2023-12-05T16:09:10 IST" duration-ms="22568" status="PASS">
          <reporter-output>
          </reporter-output>
        </test-method> <!-- initDriver -->
        <test-method signature="loginWithValidUserNameAndValidPassword()[pri:0, instance:com.hrm.testcases.LoginTest@7ce69770]" started-at="2023-12-05T16:09:10 IST" name="loginWithValidUserNameAndValidPassword" finished-at="2023-12-05T16:09:14 IST" duration-ms="4490" status="PASS">
          <reporter-output>
          </reporter-output>
        </test-method> <!-- loginWithValidUserNameAndValidPassword -->
      </class> <!-- com.hrm.testcases.LoginTest -->
    </test> <!-- Test -->
  </suite> <!-- Suite -->
</testng-results>
